Arguments: 
  /snap/node/5471/bin/node /usr/share/yarn/bin/yarn.js install

PATH: 
  /home/mohan/.local/bin:/usr/local/sbin:/usr/local/bin:/usr/sbin:/usr/bin:/sbin:/bin:/usr/games:/usr/local/games:/snap/bin

Yarn version: 
  1.22.17

Node version: 
  15.14.0

Platform: 
  linux x64

Trace: 
  Error: https://registry.npmjs.org/bcryptjs: tunneling socket could not be established, cause=getaddrinfo EAI_AGAIN myproxyblabla
      at ClientRequest.onError (/usr/share/yarn/lib/cli.js:152369:17)
      at Object.onceWrapper (node:events:476:26)
      at ClientRequest.emit (node:events:369:20)
      at Socket.socketErrorListener (node:_http_client:472:9)
      at Socket.emit (node:events:369:20)
      at emitErrorNT (node:internal/streams/destroy:188:8)
      at emitErrorCloseNT (node:internal/streams/destroy:153:3)
      at processTicksAndRejections (node:internal/process/task_queues:81:21)

npm manifest: 
  {
    "name": "backend",
    "version": "1.0.0",
    "main": "index.js",
    "scripts": {
      "start": "node index.js",
      "dev": "nodemon node index.js"
    },
    "keywords": [],
    "author": "",
    "license": "ISC",
    "dependencies": {
      "bcryptjs": "^2.4.3",
      "cors": "^2.8.5",
      "dotenv": "^16.0.0",
      "express": "^4.17.3",
      "express-async-handler": "^1.2.0",
      "jsonwebtoken": "^8.5.1",
      "pg": "^8.7.3",
      "sequelize": "^6.17.0"
    },
    "devDependencies": {
      "nodemon": "^2.0.15"
    },
    "description": ""
  }

yarn manifest: 
  No manifest

Lockfile: 
  No lockfile
